0 info it worked if it ends with ok
1 verbose cli [ '/usr/local/Cellar/node@6/6.16.0/bin/node',
1 verbose cli   '/usr/local/opt/node@6/bin/npm',
1 verbose cli   'run',
1 verbose cli   'serve' ]
2 info using npm@3.10.10
3 info using node@v6.16.0
4 verbose run-script [ 'preserve', 'serve', 'postserve' ]
5 info lifecycle @workaround/webapp@0.1.0~preserve: @workaround/webapp@0.1.0
6 silly lifecycle @workaround/webapp@0.1.0~preserve: no script for preserve, continuing
7 info lifecycle @workaround/webapp@0.1.0~serve: @workaround/webapp@0.1.0
8 verbose lifecycle @workaround/webapp@0.1.0~serve: unsafe-perm in lifecycle true
9 verbose lifecycle @workaround/webapp@0.1.0~serve: PATH: /usr/local/Cellar/node@6/6.16.0/lib/node_modules/npm/bin/node-gyp-bin:/Users/guido/projects/home/node_modules/.bin:/usr/local/Cellar/node@6/6.16.0/bin:/Users/guido/.rvm/gems/ruby-2.2.2@workaround/bin:/Users/guido/.rvm/gems/ruby-2.2.2@global/bin:/Users/guido/.rvm/rubies/ruby-2.2.2/bin:/Users/guido/.rvm/bin:/usr/local/opt/postgresql@9.6/bin:/usr/local/opt/node@6/bin:/usr/local/sbin:/usr/local/heroku/bin:./node_modules/.bin:/Users/guido/.rbenv/bin:/usr/local/share/npm/bin:/usr/local/bin:/usr/local/bin:/usr/bin:/bin:/usr/sbin:/sbin:/usr/local/go/bin:/Applications/Postgres.app/Contents/Versions/9.6/bin
10 verbose lifecycle @workaround/webapp@0.1.0~serve: CWD: /Users/guido/projects/home
11 silly lifecycle @workaround/webapp@0.1.0~serve: Args: [ '-c', 'webpack-dev-server  --config webpack.conf.js' ]
12 info lifecycle @workaround/webapp@0.1.0~serve: Failed to exec serve script
13 verbose stack Error: @workaround/webapp@0.1.0 serve: `webpack-dev-server  --config webpack.conf.js`
13 verbose stack spawn ENOENT
13 verbose stack     at ChildProcess.<anonymous> (/usr/local/Cellar/node@6/6.16.0/lib/node_modules/npm/lib/utils/spawn.js:33:16)
13 verbose stack     at emitTwo (events.js:106:13)
13 verbose stack     at ChildProcess.emit (events.js:191:7)
13 verbose stack     at maybeClose (internal/child_process.js:920:16)
13 verbose stack     at Process.ChildProcess._handle.onexit (internal/child_process.js:230:5)
14 verbose pkgid @workaround/webapp@0.1.0
15 verbose cwd /Users/guido/projects/home
16 error Darwin 17.7.0
17 error argv "/usr/local/Cellar/node@6/6.16.0/bin/node" "/usr/local/opt/node@6/bin/npm" "run" "serve"
18 error node v6.16.0
19 error npm  v3.10.10
20 error file sh
21 error code ELIFECYCLE
22 error errno ENOENT
23 error syscall spawn
24 error @workaround/webapp@0.1.0 serve: `webpack-dev-server  --config webpack.conf.js`
24 error spawn ENOENT
25 error Failed at the @workaround/webapp@0.1.0 serve script 'webpack-dev-server  --config webpack.conf.js'.
25 error Make sure you have the latest version of node.js and npm installed.
25 error If you do, this is most likely a problem with the @workaround/webapp package,
25 error not with npm itself.
25 error Tell the author that this fails on your system:
25 error     webpack-dev-server  --config webpack.conf.js
25 error You can get information on how to open an issue for this project with:
25 error     npm bugs @workaround/webapp
25 error Or if that isn't available, you can get their info via:
25 error     npm owner ls @workaround/webapp
25 error There is likely additional logging output above.
26 verbose exit [ 1, true ]
